0 info it worked if it ends with ok
1 verbose cli [ 'd:\\Program Files\\nodejs\\node.exe',
1 verbose cli   'c:\\Users\\zhong.haisheng\\AppData\\Roaming\\npm\\node_modules\\cnpm\\node_modules\\npm\\bin\\npm-cli.js',
1 verbose cli   '--userconfig=C:\\Users\\zhong.haisheng\\.cnpmrc',
1 verbose cli   '--disturl=https://npm.taobao.org/mirrors/node',
1 verbose cli   '--registry=https://registry.npm.taobao.org',
1 verbose cli   'run',
1 verbose cli   'dev' ]
2 info using npm@3.10.9
3 info using node@v6.9.1
4 verbose run-script [ 'predev', 'dev', 'postdev' ]
5 info lifecycle first_demo@1.0.0~predev: first_demo@1.0.0
6 silly lifecycle first_demo@1.0.0~predev: no script for predev, continuing
7 info lifecycle first_demo@1.0.0~dev: first_demo@1.0.0
8 verbose lifecycle first_demo@1.0.0~dev: unsafe-perm in lifecycle true
9 verbose lifecycle first_demo@1.0.0~dev: PATH: c:\Users\zhong.haisheng\AppData\Roaming\npm\node_modules\cnpm\node_modules\npm\bin\node-gyp-bin;f:\webpack\webpack1\node_modules\.bin;c:\Users\zhong.haisheng\bin;.;d:\Program Files (x86)\Git\local\bin;d:\Program Files (x86)\Git\mingw\bin;d:\Program Files (x86)\Git\bin;d:\Program Files (x86)\Git\bin;c:\ProgramData\Oracle\Java\javapath;d:\Ruby22-x64\bin;c:\windows\system32;c:\windows;c:\windows\System32\Wbem;c:\windows\System32\WindowsPowerShell\v1.0\;c:\Program Files (x86)\NVIDIA Corporation\PhysX\Common;d:\Program Files\TortoiseSVN\bin;d:\Program Files (x86)\Git\cmd;d:\Program Files (x86)\Git\bin;d:\Program Files\nodejs\;c:\Users\zhong.haisheng\AppData\Roaming\npm
10 verbose lifecycle first_demo@1.0.0~dev: CWD: f:\webpack\webpack1
11 silly lifecycle first_demo@1.0.0~dev: Args: [ '/d /s /c', 'node build/dev-server.js' ]
12 verbose stack Error: kill ENOSYS
12 verbose stack     at exports._errnoException (util.js:1026:11)
12 verbose stack     at process.kill (internal/process.js:172:13)
12 verbose stack     at process.listener (c:\Users\zhong.haisheng\AppData\Roaming\npm\node_modules\cnpm\node_modules\npm\node_modules\npmlog\node_modules\gauge\node_modules\signal-exit\index.js:86:15)
12 verbose stack     at emitNone (events.js:91:20)
12 verbose stack     at process.emit (events.js:185:7)
12 verbose stack     at processEmit (c:\Users\zhong.haisheng\AppData\Roaming\npm\node_modules\cnpm\node_modules\npm\node_modules\npmlog\node_modules\gauge\node_modules\signal-exit\index.js:146:32)
12 verbose stack     at processEmit (c:\Users\zhong.haisheng\AppData\Roaming\npm\node_modules\cnpm\node_modules\npm\node_modules\npm-registry-client\node_modules\npmlog\node_modules\gauge\node_modules\signal-exit\index.js:146:32)
12 verbose stack     at Signal.wrap.onsignal (internal/process.js:199:44)
13 verbose cwd f:\webpack\webpack1\project
14 error Windows_NT 6.1.7601
15 error argv "d:\\Program Files\\nodejs\\node.exe" "c:\\Users\\zhong.haisheng\\AppData\\Roaming\\npm\\node_modules\\cnpm\\node_modules\\npm\\bin\\npm-cli.js" "--userconfig=C:\\Users\\zhong.haisheng\\.cnpmrc" "--disturl=https://npm.taobao.org/mirrors/node" "--registry=https://registry.npm.taobao.org" "run" "dev"
16 error node v6.9.1
17 error npm  v3.10.9
18 error code ENOSYS
19 error errno ENOSYS
20 error syscall kill
21 error kill ENOSYS
22 error If you need help, you may report this error at:
22 error     <https://github.com/npm/npm/issues>
23 verbose exit [ 1, true ]
